0 verbose cli C:\Program Files\nodejs\node.exe C:\Program Files\nodejs\node_modules\npm\bin\npm-cli.js
1 info using npm@8.11.0
2 info using node@v16.16.0
3 timing npm:load:whichnode Completed in 0ms
4 timing config:load:defaults Completed in 2ms
5 timing config:load:file:C:\Program Files\nodejs\node_modules\npm\npmrc Completed in 4ms
6 timing config:load:builtin Completed in 5ms
7 warn config global `--global`, `--local` are deprecated. Use `--location=global` instead.
8 timing config:load:cli Completed in 3ms
9 warn config tmp This setting is no longer used.  npm stores temporary files in a special
9 warn config location in the cache, and they are managed by
9 warn config     [`cacache`](http://npm.im/cacache).
10 timing config:load:env Completed in 1ms
11 timing config:load:project Completed in 3ms
12 timing config:load:file:C:\Users\jmana\.npmrc Completed in 1ms
13 timing config:load:user Completed in 1ms
14 timing config:load:file:C:\Users\jmana\OneDrive\Documents\ITI-Projects\kartero\kartero-react-ui-v2\npm\etc\npmrc Completed in 0ms
15 timing config:load:global Completed in 1ms
16 timing config:load:validate Completed in 0ms
17 timing config:load:credentials Completed in 1ms
18 timing config:load:setEnvs Completed in 1ms
19 timing config:load Completed in 18ms
20 timing npm:load:configload Completed in 18ms
21 timing npm:load:mkdirpcache Completed in 1ms
22 timing npm:load:mkdirplogs Completed in 1ms
23 verbose title npm prefix
24 verbose argv "prefix" "--global"
25 timing npm:load:setTitle Completed in 1ms
26 timing config:load:flatten Completed in 2ms
27 timing npm:load:display Completed in 5ms
28 verbose logfile logs-max:10 dir:C:\Users\jmana\OneDrive\Documents\ITI-Projects\kartero\kartero-react-ui-v2\npm\cache\_logs
29 verbose logfile C:\Users\jmana\OneDrive\Documents\ITI-Projects\kartero\kartero-react-ui-v2\npm\cache\_logs\2023-08-15T07_45_44_558Z-debug-0.log
30 timing npm:load:logFile Completed in 8ms
31 timing npm:load:timers Completed in 0ms
32 timing npm:load:configScope Completed in 0ms
33 timing npm:load Completed in 34ms
34 timing command:prefix Completed in 2ms
35 verbose exit 0
36 timing npm Completed in 49ms
37 info ok
